# JRE version: OpenJDK Runtime Environment (21.0.8) (build 21.0.8+-14196175-b1038.72)
# Java VM: OpenJDK 64-Bit Server VM (21.0.8+-14196175-b1038.72, mixed mode, tiered, compressed oops, compressed class ptrs, g1 gc, windows-amd64)
GC Precious Log:
 CardTable entry size: 512
 Card Set container configuration: InlinePtr #cards 4 size 8 Array Of Cards #cards 32 size 80 Howl #buckets 8 coarsen threshold 7372 Howl Bitmap #cards 1024 size 144 coarsen threshold 921 Card regions per heap region 1 cards per card region 8192
 CPUs: 4 total, 4 available
 Memory: 3791M
 Large Page Support: Disabled
 NUMA Support: Disabled
 Compressed Oops: Enabled (Zero based)
 Heap Region Size: 4M
 Heap Min Capacity: 8M
 Heap Initial Capacity: 60M
 Heap Max Capacity: 8G
 Pre-touch: Disabled
 Parallel Workers: 4
 Concurrent Workers: 1
 Concurrent Refinement Workers: 4
 Periodic GC: Disabled
Heap:
 garbage-first heap   total 167936K, used 84756K [0x0000000600000000, 0x0000000800000000)
  region size 4096K, 1 young (4096K), 1 survivors (4096K)
 Metaspace       used 98699K, committed 100672K, reserved 1179648K
  class space    used 13664K, committed 14592K, reserved 1048576K
GC Heap History (20 events):
Event: 2454.908 GC heap after
{Heap after GC invocations=68 (full 0):
 garbage-first heap   total 167936K, used 68551K [0x0000000600000000, 0x0000000800000000)
  region size 4096K, 1 young (4096K), 1 survivors (4096K)
 Metaspace       used 91456K, committed 93376K, reserved 1179648K
  class space    used 12933K, committed 13888K, reserved 1048576K
}
Event: 2460.309 GC heap before
{Heap before GC invocations=68 (full 0):
 garbage-first heap   total 167936K, used 89031K [0x0000000600000000, 0x0000000800000000)
  region size 4096K, 6 young (24576K), 1 survivors (4096K)
 Metaspace       used 91555K, committed 93568K, reserved 1179648K
  class space    used 12933K, committed 13888K, reserved 1048576K
}
Event: 2460.356 GC heap after
{Heap after GC invocations=69 (full 0):
 garbage-first heap   total 167936K, used 70411K [0x0000000600000000, 0x0000000800000000)
  region size 4096K, 1 young (4096K), 1 survivors (4096K)
 Metaspace       used 91555K, committed 93568K, reserved 1179648K
  class space    used 12933K, committed 13888K, reserved 1048576K
}
Event: 2460.714 GC heap before
{Heap before GC invocations=69 (full 0):
 garbage-first heap   total 167936K, used 82699K [0x0000000600000000, 0x0000000800000000)
  region size 4096K, 4 young (16384K), 1 survivors (4096K)
 Metaspace       used 91601K, committed 93568K, reserved 1179648K
  class space    used 12934K, committed 13888K, reserved 1048576K
}
Event: 2460.753 GC heap after
{Heap after GC invocations=70 (full 0):
 garbage-first heap   total 167936K, used 70648K [0x0000000600000000, 0x0000000800000000)
  region size 4096K, 1 young (4096K), 1 survivors (4096K)
 Metaspace       used 91601K, committed 93568K, reserved 1179648K
  class space    used 12934K, committed 13888K, reserved 1048576K
}
Event: 2461.923 GC heap before
{Heap before GC invocations=71 (full 0):
 garbage-first heap   total 167936K, used 74744K [0x0000000600000000, 0x0000000800000000)
  region size 4096K, 2 young (8192K), 1 survivors (4096K)
 Metaspace       used 91657K, committed 93632K, reserved 1179648K
  class space    used 12934K, committed 13888K, reserved 1048576K
}
Event: 2461.949 GC heap after
{Heap after GC invocations=72 (full 0):
 garbage-first heap   total 167936K, used 71466K [0x0000000600000000, 0x0000000800000000)
  region size 4096K, 1 young (4096K), 1 survivors (4096K)
 Metaspace       used 91657K, committed 93632K, reserved 1179648K
  class space    used 12934K, committed 13888K, reserved 1048576K
}
Event: 2463.234 GC heap before
{Heap before GC invocations=72 (full 0):
 garbage-first heap   total 167936K, used 75562K [0x0000000600000000, 0x0000000800000000)
  region size 4096K, 2 young (8192K), 1 survivors (4096K)
 Metaspace       used 92825K, committed 94784K, reserved 1179648K
  class space    used 13111K, committed 14080K, reserved 1048576K
}
Event: 2463.263 GC heap after
{Heap after GC invocations=73 (full 0):
 garbage-first heap   total 167936K, used 70732K [0x0000000600000000, 0x0000000800000000)
  region size 4096K, 1 young (4096K), 1 survivors (4096K)
 Metaspace       used 92825K, committed 94784K, reserved 1179648K
  class space    used 13111K, committed 14080K, reserved 1048576K
}
Event: 2471.592 GC heap before
{Heap before GC invocations=73 (full 0):
 garbage-first heap   total 167936K, used 87116K [0x0000000600000000, 0x0000000800000000)
  region size 4096K, 5 young (20480K), 1 survivors (4096K)
 Metaspace       used 94451K, committed 96448K, reserved 1179648K
  class space    used 13298K, committed 14272K, reserved 1048576K
}
Event: 2471.637 GC heap after
{Heap after GC invocations=74 (full 0):
 garbage-first heap   total 167936K, used 71862K [0x0000000600000000, 0x0000000800000000)
  region size 4096K, 1 young (4096K), 1 survivors (4096K)
 Metaspace       used 94451K, committed 96448K, reserved 1179648K
  class space    used 13298K, committed 14272K, reserved 1048576K
}
Event: 2474.155 GC heap before
{Heap before GC invocations=75 (full 0):
 garbage-first heap   total 167936K, used 75958K [0x0000000600000000, 0x0000000800000000)
  region size 4096K, 2 young (8192K), 1 survivors (4096K)
 Metaspace       used 94466K, committed 96448K, reserved 1179648K
  class space    used 13298K, committed 14272K, reserved 1048576K
}
Event: 2474.169 GC heap after
{Heap after GC invocations=76 (full 0):
 garbage-first heap   total 167936K, used 72360K [0x0000000600000000, 0x0000000800000000)
  region size 4096K, 1 young (4096K), 1 survivors (4096K)
 Metaspace       used 94466K, committed 96448K, reserved 1179648K
  class space    used 13298K, committed 14272K, reserved 1048576K
}
Event: 2485.384 GC heap before
{Heap before GC invocations=76 (full 0):
 garbage-first heap   total 167936K, used 96936K [0x0000000600000000, 0x0000000800000000)
  region size 4096K, 7 young (28672K), 1 survivors (4096K)
 Metaspace       used 94504K, committed 96448K, reserved 1179648K
  class space    used 13298K, committed 14272K, reserved 1048576K
}
Event: 2485.607 GC heap after
{Heap after GC invocations=77 (full 0):
 garbage-first heap   total 167936K, used 72964K [0x0000000600000000, 0x0000000800000000)
  region size 4096K, 1 young (4096K), 1 survivors (4096K)
 Metaspace       used 94504K, committed 96448K, reserved 1179648K
  class space    used 13298K, committed 14272K, reserved 1048576K
}
Event: 2500.566 GC heap before
{Heap before GC invocations=77 (full 0):
 garbage-first heap   total 167936K, used 105732K [0x0000000600000000, 0x0000000800000000)
  region size 4096K, 9 young (36864K), 1 survivors (4096K)
 Metaspace       used 96803K, committed 98752K, reserved 1179648K
  class space    used 13528K, committed 14464K, reserved 1048576K
}
Event: 2500.610 GC heap after
{Heap after GC invocations=78 (full 0):
 garbage-first heap   total 167936K, used 75430K [0x0000000600000000, 0x0000000800000000)
  region size 4096K, 2 young (8192K), 2 survivors (8192K)
 Metaspace       used 96803K, committed 98752K, reserved 1179648K
  class space    used 13528K, committed 14464K, reserved 1048576K
}
Event: 2500.933 GC heap before
{Heap before GC invocations=79 (full 0):
 garbage-first heap   total 167936K, used 104102K [0x0000000600000000, 0x0000000800000000)
  region size 4096K, 10 young (40960K), 2 survivors (8192K)
 Metaspace       used 96810K, committed 98752K, reserved 1179648K
  class space    used 13529K, committed 14464K, reserved 1048576K
}
Event: 2500.953 GC heap after
{Heap after GC invocations=80 (full 0):
 garbage-first heap   total 167936K, used 75516K [0x0000000600000000, 0x0000000800000000)
  region size 4096K, 2 young (8192K), 2 survivors (8192K)
 Metaspace       used 96810K, committed 98752K, reserved 1179648K
  class space    used 13529K, committed 14464K, reserved 1048576K
}
Event: 2501.406 GC heap before
{Heap before GC invocations=80 (full 0):
 garbage-first heap   total 167936K, used 91900K [0x0000000600000000, 0x0000000800000000)
  region size 4096K, 5 young (20480K), 2 survivors (8192K)
 Metaspace       used 98699K, committed 100672K, reserved 1179648K
  class space    used 13664K, committed 14592K, reserved 1048576K
}

