# JRE version: OpenJDK Runtime Environment (21.0.8) (build 21.0.8+-14196175-b1038.72)
# Java VM: OpenJDK 64-Bit Server VM (21.0.8+-14196175-b1038.72, mixed mode, tiered, compressed oops, compressed class ptrs, g1 gc, windows-amd64)
GC Precious Log:
 CardTable entry size: 512
 Card Set container configuration: InlinePtr #cards 4 size 8 Array Of Cards #cards 32 size 80 Howl #buckets 8 coarsen threshold 7372 Howl Bitmap #cards 1024 size 144 coarsen threshold 921 Card regions per heap region 1 cards per card region 8192
 CPUs: 4 total, 4 available
 Memory: 3791M
 Large Page Support: Disabled
 NUMA Support: Disabled
 Compressed Oops: Enabled (Zero based)
 Heap Region Size: 4M
 Heap Min Capacity: 8M
 Heap Initial Capacity: 60M
 Heap Max Capacity: 8G
 Pre-touch: Disabled
 Parallel Workers: 4
 Concurrent Workers: 1
 Concurrent Refinement Workers: 4
 Periodic GC: Disabled
Heap:
 garbage-first heap   total 1892352K, used 293701K [0x0000000600000000, 0x0000000800000000)
  region size 4096K, 1 young (4096K), 1 survivors (4096K)
 Metaspace       used 225036K, committed 227840K, reserved 1310720K
  class space    used 29272K, committed 30656K, reserved 1048576K
GC Heap History (20 events):
Event: 1061.049 GC heap after
{Heap after GC invocations=140 (full 0):
 garbage-first heap   total 1310720K, used 263121K [0x0000000600000000, 0x0000000800000000)
  region size 4096K, 2 young (8192K), 2 survivors (8192K)
 Metaspace       used 224991K, committed 227776K, reserved 1310720K
  class space    used 29272K, committed 30656K, reserved 1048576K
}
Event: 1078.293 GC heap before
{Heap before GC invocations=140 (full 0):
 garbage-first heap   total 1310720K, used 316369K [0x0000000600000000, 0x0000000800000000)
  region size 4096K, 16 young (65536K), 2 survivors (8192K)
 Metaspace       used 225014K, committed 227776K, reserved 1310720K
  class space    used 29272K, committed 30656K, reserved 1048576K
}
Event: 1078.310 GC heap after
{Heap after GC invocations=141 (full 0):
 garbage-first heap   total 1310720K, used 265236K [0x0000000600000000, 0x0000000800000000)
  region size 4096K, 1 young (4096K), 1 survivors (4096K)
 Metaspace       used 225014K, committed 227776K, reserved 1310720K
  class space    used 29272K, committed 30656K, reserved 1048576K
}
Event: 1078.562 GC heap before
{Heap before GC invocations=141 (full 0):
 garbage-first heap   total 1310720K, used 322580K [0x0000000600000000, 0x0000000800000000)
  region size 4096K, 16 young (65536K), 1 survivors (4096K)
 Metaspace       used 225023K, committed 227776K, reserved 1310720K
  class space    used 29272K, committed 30656K, reserved 1048576K
}
Event: 1078.571 GC heap after
{Heap after GC invocations=142 (full 0):
 garbage-first heap   total 1310720K, used 268674K [0x0000000600000000, 0x0000000800000000)
  region size 4096K, 2 young (8192K), 2 survivors (8192K)
 Metaspace       used 225023K, committed 227776K, reserved 1310720K
  class space    used 29272K, committed 30656K, reserved 1048576K
}
Event: 1078.752 GC heap before
{Heap before GC invocations=142 (full 0):
 garbage-first heap   total 1310720K, used 326018K [0x0000000600000000, 0x0000000800000000)
  region size 4096K, 16 young (65536K), 2 survivors (8192K)
 Metaspace       used 225023K, committed 227776K, reserved 1310720K
  class space    used 29272K, committed 30656K, reserved 1048576K
}
Event: 1078.772 GC heap after
{Heap after GC invocations=143 (full 0):
 garbage-first heap   total 1310720K, used 270292K [0x0000000600000000, 0x0000000800000000)
  region size 4096K, 2 young (8192K), 2 survivors (8192K)
 Metaspace       used 225023K, committed 227776K, reserved 1310720K
  class space    used 29272K, committed 30656K, reserved 1048576K
}
Event: 1079.035 GC heap before
{Heap before GC invocations=143 (full 0):
 garbage-first heap   total 1310720K, used 327636K [0x0000000600000000, 0x0000000800000000)
  region size 4096K, 16 young (65536K), 2 survivors (8192K)
 Metaspace       used 225023K, committed 227776K, reserved 1310720K
  class space    used 29272K, committed 30656K, reserved 1048576K
}
Event: 1079.055 GC heap after
{Heap after GC invocations=144 (full 0):
 garbage-first heap   total 1310720K, used 272317K [0x0000000600000000, 0x0000000800000000)
  region size 4096K, 1 young (4096K), 1 survivors (4096K)
 Metaspace       used 225023K, committed 227776K, reserved 1310720K
  class space    used 29272K, committed 30656K, reserved 1048576K
}
Event: 1079.351 GC heap before
{Heap before GC invocations=144 (full 0):
 garbage-first heap   total 1310720K, used 333757K [0x0000000600000000, 0x0000000800000000)
  region size 4096K, 16 young (65536K), 1 survivors (4096K)
 Metaspace       used 225023K, committed 227776K, reserved 1310720K
  class space    used 29272K, committed 30656K, reserved 1048576K
}
Event: 1079.368 GC heap after
{Heap after GC invocations=145 (full 0):
 garbage-first heap   total 1892352K, used 274348K [0x0000000600000000, 0x0000000800000000)
  region size 4096K, 2 young (8192K), 2 survivors (8192K)
 Metaspace       used 225023K, committed 227776K, reserved 1310720K
  class space    used 29272K, committed 30656K, reserved 1048576K
}
Event: 1079.772 GC heap before
{Heap before GC invocations=145 (full 0):
 garbage-first heap   total 1892352K, used 356268K [0x0000000600000000, 0x0000000800000000)
  region size 4096K, 23 young (94208K), 2 survivors (8192K)
 Metaspace       used 225023K, committed 227776K, reserved 1310720K
  class space    used 29272K, committed 30656K, reserved 1048576K
}
Event: 1079.784 GC heap after
{Heap after GC invocations=146 (full 0):
 garbage-first heap   total 1892352K, used 277550K [0x0000000600000000, 0x0000000800000000)
  region size 4096K, 3 young (12288K), 3 survivors (12288K)
 Metaspace       used 225023K, committed 227776K, reserved 1310720K
  class space    used 29272K, committed 30656K, reserved 1048576K
}
Event: 1080.384 GC heap before
{Heap before GC invocations=146 (full 0):
 garbage-first heap   total 1892352K, used 355374K [0x0000000600000000, 0x0000000800000000)
  region size 4096K, 23 young (94208K), 3 survivors (12288K)
 Metaspace       used 225028K, committed 227776K, reserved 1310720K
  class space    used 29272K, committed 30656K, reserved 1048576K
}
Event: 1080.415 GC heap after
{Heap after GC invocations=147 (full 0):
 garbage-first heap   total 1892352K, used 282660K [0x0000000600000000, 0x0000000800000000)
  region size 4096K, 3 young (12288K), 3 survivors (12288K)
 Metaspace       used 225028K, committed 227776K, reserved 1310720K
  class space    used 29272K, committed 30656K, reserved 1048576K
}
Event: 1081.445 GC heap before
{Heap before GC invocations=147 (full 0):
 garbage-first heap   total 1892352K, used 360484K [0x0000000600000000, 0x0000000800000000)
  region size 4096K, 23 young (94208K), 3 survivors (12288K)
 Metaspace       used 225036K, committed 227840K, reserved 1310720K
  class space    used 29272K, committed 30656K, reserved 1048576K
}
Event: 1081.498 GC heap after
{Heap after GC invocations=148 (full 0):
 garbage-first heap   total 1892352K, used 290459K [0x0000000600000000, 0x0000000800000000)
  region size 4096K, 3 young (12288K), 3 survivors (12288K)
 Metaspace       used 225036K, committed 227840K, reserved 1310720K
  class space    used 29272K, committed 30656K, reserved 1048576K
}
Event: 1081.977 GC heap before
{Heap before GC invocations=148 (full 0):
 garbage-first heap   total 1892352K, used 372379K [0x0000000600000000, 0x0000000800000000)
  region size 4096K, 23 young (94208K), 3 survivors (12288K)
 Metaspace       used 225036K, committed 227840K, reserved 1310720K
  class space    used 29272K, committed 30656K, reserved 1048576K
}
Event: 1082.021 GC heap after
{Heap after GC invocations=149 (full 0):
 garbage-first heap   total 1892352K, used 294091K [0x0000000600000000, 0x0000000800000000)
  region size 4096K, 1 young (4096K), 1 survivors (4096K)
 Metaspace       used 225036K, committed 227840K, reserved 1310720K
  class space    used 29272K, committed 30656K, reserved 1048576K
}
Event: 1082.628 GC heap before
{Heap before GC invocations=149 (full 0):
 garbage-first heap   total 1892352K, used 384203K [0x0000000600000000, 0x0000000800000000)
  region size 4096K, 24 young (98304K), 1 survivors (4096K)
 Metaspace       used 225036K, committed 227840K, reserved 1310720K
  class space    used 29272K, committed 30656K, reserved 1048576K
}

